Traceback (most recent call last):
  File "/env/lib/python3.10/site-packages/jupyter_cache/executors/utils.py", line 58, in single_nb_execution
    executenb(
  File "/env/lib/python3.10/site-packages/nbclient/client.py", line 1314, in execute
    return NotebookClient(nb=nb, resources=resources, km=km, **kwargs).execute()
  File "/env/lib/python3.10/site-packages/jupyter_core/utils/__init__.py", line 165, in wrapped
    return loop.run_until_complete(inner)
  File "/env/lib/python3.10/asyncio/base_events.py", line 649, in run_until_complete
    return future.result()
  File "/env/lib/python3.10/site-packages/nbclient/client.py", line 709, in async_execute
    await self.async_execute_cell(
  File "/env/lib/python3.10/site-packages/nbclient/client.py", line 1062, in async_execute_cell
    await self._check_raise_for_error(cell, cell_index, exec_reply)
  File "/env/lib/python3.10/site-packages/nbclient/client.py", line 918, in _check_raise_for_error
    raise CellExecutionError.from_cell_and_msg(cell, exec_reply_content)
nbclient.exceptions.CellExecutionError: An error occurred while executing the following cell:
------------------
# Libraries
# ==============================================================================
import os
os.environ["KERAS_BACKEND"] = "torch" # 'tensorflow', 'jax´ or 'torch'
import keras

import numpy as np
import pandas as pd
import matplotlib.pyplot as plt
from sklearn.preprocessing import MinMaxScaler

import skforecast
from skforecast.datasets import fetch_dataset
from skforecast.plot import set_dark_theme
from skforecast.ForecasterRnn import ForecasterRnn
from skforecast.ForecasterRnn.utils import create_and_compile_model
from skforecast.model_selection_multiseries import backtesting_forecaster_multiseries

from keras.optimizers import Adam
from keras.losses import MeanSquaredError
from keras.callbacks import EarlyStopping

import warnings
warnings.filterwarnings('once')

print(f"skforecast version: {skforecast.__version__}")
print(f"keras version: {keras.__version__}")

if keras.__version__ > "3.0":
    print(f"Using backend: {keras.backend.backend()}")
    if keras.backend.backend() == "tensorflow":
        import tensorflow
        print(f"tensorflow version: {tensorflow.__version__}")
    elif keras.backend.backend() == "torch":
        import torch
        print(f"torch version: {torch.__version__}")
    else:
        print("Backend not recognized. Please use 'tensorflow' or 'torch'.")
------------------


[0;31m---------------------------------------------------------------------------[0m
[0;31mModuleNotFoundError[0m                       Traceback (most recent call last)
Cell [0;32mIn[2], line 5[0m
[1;32m      3[0m [38;5;28;01mimport[39;00m [38;5;21;01mos[39;00m
[1;32m      4[0m os[38;5;241m.[39menviron[[38;5;124m"[39m[38;5;124mKERAS_BACKEND[39m[38;5;124m"[39m] [38;5;241m=[39m [38;5;124m"[39m[38;5;124mtorch[39m[38;5;124m"[39m [38;5;66;03m# 'tensorflow', 'jax´ or 'torch'[39;00m
[0;32m----> 5[0m [38;5;28;01mimport[39;00m [38;5;21;01mkeras[39;00m
[1;32m      7[0m [38;5;28;01mimport[39;00m [38;5;21;01mnumpy[39;00m [38;5;28;01mas[39;00m [38;5;21;01mnp[39;00m
[1;32m      8[0m [38;5;28;01mimport[39;00m [38;5;21;01mpandas[39;00m [38;5;28;01mas[39;00m [38;5;21;01mpd[39;00m

File [0;32m/env/lib/python3.10/site-packages/keras/__init__.py:4[0m
[1;32m      1[0m [38;5;28;01mimport[39;00m [38;5;21;01mos[39;00m
[1;32m      3[0m [38;5;66;03m# DO NOT EDIT. Generated by api_gen.sh[39;00m
[0;32m----> 4[0m [38;5;28;01mfrom[39;00m [38;5;21;01mkeras[39;00m[38;5;21;01m.[39;00m[38;5;21;01mapi[39;00m [38;5;28;01mimport[39;00m DTypePolicy
[1;32m      5[0m [38;5;28;01mfrom[39;00m [38;5;21;01mkeras[39;00m[38;5;21;01m.[39;00m[38;5;21;01mapi[39;00m [38;5;28;01mimport[39;00m FloatDTypePolicy
[1;32m      6[0m [38;5;28;01mfrom[39;00m [38;5;21;01mkeras[39;00m[38;5;21;01m.[39;00m[38;5;21;01mapi[39;00m [38;5;28;01mimport[39;00m Function

File [0;32m/env/lib/python3.10/site-packages/keras/api/__init__.py:7[0m
[1;32m      1[0m [38;5;124;03m"""DO NOT EDIT.[39;00m
[1;32m      2[0m 
[1;32m      3[0m [38;5;124;03mThis file was autogenerated. Do not edit it by hand,[39;00m
[1;32m      4[0m [38;5;124;03msince your modifications would be overwritten.[39;00m
[1;32m      5[0m [38;5;124;03m"""[39;00m
[0;32m----> 7[0m [38;5;28;01mfrom[39;00m [38;5;21;01mkeras[39;00m[38;5;21;01m.[39;00m[38;5;21;01mapi[39;00m [38;5;28;01mimport[39;00m _tf_keras
[1;32m      8[0m [38;5;28;01mfrom[39;00m [38;5;21;01mkeras[39;00m[38;5;21;01m.[39;00m[38;5;21;01mapi[39;00m [38;5;28;01mimport[39;00m activations
[1;32m      9[0m [38;5;28;01mfrom[39;00m [38;5;21;01mkeras[39;00m[38;5;21;01m.[39;00m[38;5;21;01mapi[39;00m [38;5;28;01mimport[39;00m applications

File [0;32m/env/lib/python3.10/site-packages/keras/api/_tf_keras/__init__.py:1[0m
[0;32m----> 1[0m [38;5;28;01mfrom[39;00m [38;5;21;01mkeras[39;00m[38;5;21;01m.[39;00m[38;5;21;01mapi[39;00m[38;5;21;01m.[39;00m[38;5;21;01m_tf_keras[39;00m [38;5;28;01mimport[39;00m keras

File [0;32m/env/lib/python3.10/site-packages/keras/api/_tf_keras/keras/__init__.py:7[0m
[1;32m      1[0m [38;5;124;03m"""DO NOT EDIT.[39;00m
[1;32m      2[0m 
[1;32m      3[0m [38;5;124;03mThis file was autogenerated. Do not edit it by hand,[39;00m
[1;32m      4[0m [38;5;124;03msince your modifications would be overwritten.[39;00m
[1;32m      5[0m [38;5;124;03m"""[39;00m
[0;32m----> 7[0m [38;5;28;01mfrom[39;00m [38;5;21;01mkeras[39;00m[38;5;21;01m.[39;00m[38;5;21;01mapi[39;00m [38;5;28;01mimport[39;00m activations
[1;32m      8[0m [38;5;28;01mfrom[39;00m [38;5;21;01mkeras[39;00m[38;5;21;01m.[39;00m[38;5;21;01mapi[39;00m [38;5;28;01mimport[39;00m applications
[1;32m      9[0m [38;5;28;01mfrom[39;00m [38;5;21;01mkeras[39;00m[38;5;21;01m.[39;00m[38;5;21;01mapi[39;00m [38;5;28;01mimport[39;00m callbacks

File [0;32m/env/lib/python3.10/site-packages/keras/api/activations/__init__.py:7[0m
[1;32m      1[0m [38;5;124;03m"""DO NOT EDIT.[39;00m
[1;32m      2[0m 
[1;32m      3[0m [38;5;124;03mThis file was autogenerated. Do not edit it by hand,[39;00m
[1;32m      4[0m [38;5;124;03msince your modifications would be overwritten.[39;00m
[1;32m      5[0m [38;5;124;03m"""[39;00m
[0;32m----> 7[0m [38;5;28;01mfrom[39;00m [38;5;21;01mkeras[39;00m[38;5;21;01m.[39;00m[38;5;21;01msrc[39;00m[38;5;21;01m.[39;00m[38;5;21;01mactivations[39;00m [38;5;28;01mimport[39;00m deserialize
[1;32m      8[0m [38;5;28;01mfrom[39;00m [38;5;21;01mkeras[39;00m[38;5;21;01m.[39;00m[38;5;21;01msrc[39;00m[38;5;21;01m.[39;00m[38;5;21;01mactivations[39;00m [38;5;28;01mimport[39;00m get
[1;32m      9[0m [38;5;28;01mfrom[39;00m [38;5;21;01mkeras[39;00m[38;5;21;01m.[39;00m[38;5;21;01msrc[39;00m[38;5;21;01m.[39;00m[38;5;21;01mactivations[39;00m [38;5;28;01mimport[39;00m serialize

File [0;32m/env/lib/python3.10/site-packages/keras/src/__init__.py:1[0m
[0;32m----> 1[0m [38;5;28;01mfrom[39;00m [38;5;21;01mkeras[39;00m[38;5;21;01m.[39;00m[38;5;21;01msrc[39;00m [38;5;28;01mimport[39;00m activations
[1;32m      2[0m [38;5;28;01mfrom[39;00m [38;5;21;01mkeras[39;00m[38;5;21;01m.[39;00m[38;5;21;01msrc[39;00m [38;5;28;01mimport[39;00m applications
[1;32m      3[0m [38;5;28;01mfrom[39;00m [38;5;21;01mkeras[39;00m[38;5;21;01m.[39;00m[38;5;21;01msrc[39;00m [38;5;28;01mimport[39;00m backend

File [0;32m/env/lib/python3.10/site-packages/keras/src/activations/__init__.py:3[0m
[1;32m      1[0m [38;5;28;01mimport[39;00m [38;5;21;01mtypes[39;00m
[0;32m----> 3[0m [38;5;28;01mfrom[39;00m [38;5;21;01mkeras[39;00m[38;5;21;01m.[39;00m[38;5;21;01msrc[39;00m[38;5;21;01m.[39;00m[38;5;21;01mactivations[39;00m[38;5;21;01m.[39;00m[38;5;21;01mactivations[39;00m [38;5;28;01mimport[39;00m elu
[1;32m      4[0m [38;5;28;01mfrom[39;00m [38;5;21;01mkeras[39;00m[38;5;21;01m.[39;00m[38;5;21;01msrc[39;00m[38;5;21;01m.[39;00m[38;5;21;01mactivations[39;00m[38;5;21;01m.[39;00m[38;5;21;01mactivations[39;00m [38;5;28;01mimport[39;00m exponential
[1;32m      5[0m [38;5;28;01mfrom[39;00m [38;5;21;01mkeras[39;00m[38;5;21;01m.[39;00m[38;5;21;01msrc[39;00m[38;5;21;01m.[39;00m[38;5;21;01mactivations[39;00m[38;5;21;01m.[39;00m[38;5;21;01mactivations[39;00m [38;5;28;01mimport[39;00m gelu

File [0;32m/env/lib/python3.10/site-packages/keras/src/activations/activations.py:1[0m
[0;32m----> 1[0m [38;5;28;01mfrom[39;00m [38;5;21;01mkeras[39;00m[38;5;21;01m.[39;00m[38;5;21;01msrc[39;00m [38;5;28;01mimport[39;00m backend
[1;32m      2[0m [38;5;28;01mfrom[39;00m [38;5;21;01mkeras[39;00m[38;5;21;01m.[39;00m[38;5;21;01msrc[39;00m [38;5;28;01mimport[39;00m ops
[1;32m      3[0m [38;5;28;01mfrom[39;00m [38;5;21;01mkeras[39;00m[38;5;21;01m.[39;00m[38;5;21;01msrc[39;00m[38;5;21;01m.[39;00m[38;5;21;01mapi_export[39;00m [38;5;28;01mimport[39;00m keras_export

File [0;32m/env/lib/python3.10/site-packages/keras/src/backend/__init__.py:7[0m
[1;32m      1[0m [38;5;28;01mfrom[39;00m [38;5;21;01mkeras[39;00m[38;5;21;01m.[39;00m[38;5;21;01msrc[39;00m[38;5;21;01m.[39;00m[38;5;21;01mbackend[39;00m[38;5;21;01m.[39;00m[38;5;21;01mconfig[39;00m [38;5;28;01mimport[39;00m backend
[1;32m      3[0m [38;5;28;01mif[39;00m backend() [38;5;241m==[39m [38;5;124m"[39m[38;5;124mtorch[39m[38;5;124m"[39m:
[1;32m      4[0m     [38;5;66;03m# When using the torch backend,[39;00m
[1;32m      5[0m     [38;5;66;03m# torch needs to be imported first, otherwise it will segfault[39;00m
[1;32m      6[0m     [38;5;66;03m# upon import.[39;00m
[0;32m----> 7[0m     [38;5;28;01mimport[39;00m [38;5;21;01mtorch[39;00m
[1;32m      9[0m [38;5;28;01mfrom[39;00m [38;5;21;01mkeras[39;00m[38;5;21;01m.[39;00m[38;5;21;01msrc[39;00m[38;5;21;01m.[39;00m[38;5;21;01mbackend[39;00m[38;5;21;01m.[39;00m[38;5;21;01mcommon[39;00m[38;5;21;01m.[39;00m[38;5;21;01mdtypes[39;00m [38;5;28;01mimport[39;00m result_type
[1;32m     10[0m [38;5;28;01mfrom[39;00m [38;5;21;01mkeras[39;00m[38;5;21;01m.[39;00m[38;5;21;01msrc[39;00m[38;5;21;01m.[39;00m[38;5;21;01mbackend[39;00m[38;5;21;01m.[39;00m[38;5;21;01mcommon[39;00m[38;5;21;01m.[39;00m[38;5;21;01mkeras_tensor[39;00m [38;5;28;01mimport[39;00m KerasTensor

[0;31mModuleNotFoundError[0m: No module named 'torch'

